<?xml version="1.0" encoding="UTF-8"?>
<!-- Generated by org.testng.reporters.JUnitXMLReporter -->
<testsuite ignored="0" hostname="917d08b06134" failures="1" tests="1" name="CompleteOrder" time="233.479" errors="0" timestamp="2023-03-13T17:14:00 GMT">
  <testcase classname="UiScripts.TestCases.CompleteOrder" name="userRegistration3rdTest" time="195.227">
    <failure type="org.openqa.selenium.TimeoutException" message="java.util.concurrent.TimeoutException
Build info: version: &amp;apos;4.8.0&amp;apos;, revision: &amp;apos;267030adea&amp;apos;
System info: os.name: &amp;apos;Linux&amp;apos;, os.arch: &amp;apos;amd64&amp;apos;, os.version: &amp;apos;5.10.16.3-microsoft-standard-WSL2&amp;apos;, java.version: &amp;apos;19-ea&amp;apos;
Driver info: org.openqa.selenium.remote.RemoteWebDriver
Command: [35631f099832b21158048ca16b390cb5, sendKeysToElement {id=15697ff4-1284-42eb-9f1b-f2c473c663f1, value=[Ljava.lang.CharSequence;@6de6beec}]
Capabilities {acceptInsecureCerts: false, browserName: chrome, browserVersion: 110.0.5481.177, chrome: {chromedriverVersion: 110.0.5481.77 (65ed616c6e8e..., userDataDir: /tmp/.com.google.Chrome.NTxsl1}, goog:chromeOptions: {debuggerAddress: localhost:42663}, networkConnectionEnabled: false, pageLoadStrategy: normal, platformName: LINUX, proxy: Proxy(), se:bidiEnabled: false, se:cdp: ws://172.22.0.6:4444/sessio..., se:cdpVersion: 110.0.5481.177, se:vnc: ws://172.22.0.6:4444/sessio..., se:vncEnabled: true, se:vncLocalAddress: ws://172.22.0.6:7900, setWindowRect: true, strictFileInteractability: false, timeouts: {implicit: 0, pageLoad: 300000, script: 30000}, unhandledPromptBehavior: dismiss and notify, webauthn:extension:credBlob: true, webauthn:extension:largeBlob: true, webauthn:virtualAuthenticators: true}
Element: [[RemoteWebDriver: chrome on LINUX (35631f099832b21158048ca16b390cb5)] -&amp;gt; id: LastName]
Session ID: 35631f099832b21158048ca16b390cb5">
      <![CDATA[org.openqa.selenium.TimeoutException: java.util.concurrent.TimeoutException
Build info: version: '4.8.0', revision: '267030adea'
System info: os.name: 'Linux', os.arch: 'amd64', os.version: '5.10.16.3-microsoft-standard-WSL2', java.version: '19-ea'
Driver info: org.openqa.selenium.remote.RemoteWebDriver
Command: [35631f099832b21158048ca16b390cb5, sendKeysToElement {id=15697ff4-1284-42eb-9f1b-f2c473c663f1, value=[Ljava.lang.CharSequence;@6de6beec}]
Capabilities {acceptInsecureCerts: false, browserName: chrome, browserVersion: 110.0.5481.177, chrome: {chromedriverVersion: 110.0.5481.77 (65ed616c6e8e..., userDataDir: /tmp/.com.google.Chrome.NTxsl1}, goog:chromeOptions: {debuggerAddress: localhost:42663}, networkConnectionEnabled: false, pageLoadStrategy: normal, platformName: LINUX, proxy: Proxy(), se:bidiEnabled: false, se:cdp: ws://172.22.0.6:4444/sessio..., se:cdpVersion: 110.0.5481.177, se:vnc: ws://172.22.0.6:4444/sessio..., se:vncEnabled: true, se:vncLocalAddress: ws://172.22.0.6:7900, setWindowRect: true, strictFileInteractability: false, timeouts: {implicit: 0, pageLoad: 300000, script: 30000}, unhandledPromptBehavior: dismiss and notify, webauthn:extension:credBlob: true, webauthn:extension:largeBlob: true, webauthn:virtualAuthenticators: true}
Element: [[RemoteWebDriver: chrome on LINUX (35631f099832b21158048ca16b390cb5)] -> id: LastName]
Session ID: 35631f099832b21158048ca16b390cb5
at org.openqa.selenium.remote.http.netty.NettyHttpHandler.makeCall(NettyHttpHandler.java:65)
at org.openqa.selenium.remote.http.AddSeleniumUserAgent.lambda$apply$0(AddSeleniumUserAgent.java:42)
at org.openqa.selenium.remote.http.Filter.lambda$andFinally$1(Filter.java:56)
at org.openqa.selenium.remote.http.netty.NettyHttpHandler.execute(NettyHttpHandler.java:49)
at org.openqa.selenium.remote.http.AddSeleniumUserAgent.lambda$apply$0(AddSeleniumUserAgent.java:42)
at org.openqa.selenium.remote.http.Filter.lambda$andFinally$1(Filter.java:56)
at org.openqa.selenium.remote.http.netty.NettyClient.execute(NettyClient.java:99)
at org.openqa.selenium.remote.tracing.TracedHttpClient.execute(TracedHttpClient.java:55)
at org.openqa.selenium.remote.HttpCommandExecutor.execute(HttpCommandExecutor.java:181)
at org.openqa.selenium.remote.TracedCommandExecutor.execute(TracedCommandExecutor.java:51)
at org.openqa.selenium.remote.RemoteWebDriver.execute(RemoteWebDriver.java:543)
at org.openqa.selenium.remote.RemoteWebElement.execute(RemoteWebElement.java:257)
at org.openqa.selenium.remote.RemoteWebElement.sendKeys(RemoteWebElement.java:113)
at Pages.Register.confirm_registration(Register.java:25)
at UiScripts.TestCases.CompleteOrder.userRegistration3rdTest(CompleteOrder.java:14)
at java.base/java.util.ArrayList.forEach(ArrayList.java:1511)
at java.base/java.util.concurrent.FutureTask.run(FutureTask.java:264)
at java.base/java.util.concurrent.ThreadPoolExecutor.runWorker(ThreadPoolExecutor.java:1136)
at java.base/java.util.concurrent.ThreadPoolExecutor$Worker.run(ThreadPoolExecutor.java:635)
at java.base/java.lang.Thread.run(Thread.java:833)
Caused by: java.util.concurrent.TimeoutException
at java.base/java.util.concurrent.CompletableFuture.timedGet(CompletableFuture.java:1960)
at java.base/java.util.concurrent.CompletableFuture.get(CompletableFuture.java:2095)
at org.asynchttpclient.netty.NettyResponseFuture.get(NettyResponseFuture.java:206)
at org.openqa.selenium.remote.http.netty.NettyHttpHandler.makeCall(NettyHttpHandler.java:59)
... 34 more
... Removed 15 stack frames]]>
    </failure>
  </testcase> <!-- userRegistration3rdTest -->
</testsuite> <!-- CompleteOrder -->
